<?xml version='1.0' encoding='UTF-8'?>
<testsuite hostname="eduardo" name="org.ntic.flights.data.FlightDateTest" tests="3" errors="0" failures="0" skipped="0" time="0.055" timestamp="2025-02-26T14:00:08">
          <properties>
[...]
</properties>
          <testcase classname="org.ntic.flights.data.FlightDateTest" name="A FlightDate should be correctly initialized from string" time="0.012">
                      
                    </testcase><testcase classname="org.ntic.flights.data.FlightDateTest" name="A FlightDate should raise an Exception because of wrong string format" time="0.029">
                      
                    </testcase><testcase classname="org.ntic.flights.data.FlightDateTest" name="A FlightDate should print its value in corrected format: DD/MM/YYYY" time="0.014">
                      
                    </testcase>
          <system-out><![CDATA[]]></system-out>
          <system-err><![CDATA[]]></system-err>
        </testsuite>